101.02.21 14:00 B D:\Sites\La_Bassée\img\transp.gif --> skiny.ftd.fr /slagence_bassee transp.gif
101.02.21 14:00 B D:\Sites\La_Bassée\img\localisation.gif --> skiny.ftd.fr /slagence_bassee localisation.gif
101.02.21 14:00 B D:\Sites\La_Bassée\img\localite.gif --> skiny.ftd.fr /slagence_bassee localite.gif
101.02.21 14:01 B D:\Sites\La_Bassée\img\logoBI.gif --> skiny.ftd.fr /slagence_bassee logoBI.gif
101.02.21 14:01 B D:\Sites\La_Bassée\img\date.gif --> skiny.ftd.fr /slagence_bassee date.gif
101.02.21 14:01 B D:\Sites\La_Bassée\img\photo.gif --> skiny.ftd.fr /slagence_bassee photo.gif
101.02.21 14:01 B D:\Sites\La_Bassée\img\prix.gif --> skiny.ftd.fr /slagence_bassee prix.gif
101.02.21 14:01 B D:\Sites\La_Bassée\img\proximite.gif --> skiny.ftd.fr /slagence_bassee proximite.gif
101.02.21 14:01 B D:\Sites\La_Bassée\img\vitrine.gif --> skiny.ftd.fr /slagence_bassee vitrine.gif
101.02.27 00:51 B D:\Sites\slagence_bassée\img\transp.gif --> skiny.ftd.fr /slagence_allees transp.gif
101.02.27 00:51 B D:\Sites\slagence_bassée\img\localisation.gif --> skiny.ftd.fr /slagence_allees localisation.gif
101.02.27 00:51 B D:\Sites\slagence_bassée\img\localite.gif --> skiny.ftd.fr /slagence_allees localite.gif
101.02.27 00:51 B D:\Sites\slagence_bassée\img\logoBI.gif --> skiny.ftd.fr /slagence_allees logoBI.gif
101.02.27 00:51 B D:\Sites\slagence_bassée\img\date.gif --> skiny.ftd.fr /slagence_allees date.gif
101.02.27 00:51 B D:\Sites\slagence_bassée\img\photo.gif --> skiny.ftd.fr /slagence_allees photo.gif
101.02.27 00:51 B D:\Sites\slagence_bassée\img\prix.gif --> skiny.ftd.fr /slagence_allees prix.gif
101.02.27 00:51 B D:\Sites\slagence_bassée\img\proximite.gif --> skiny.ftd.fr /slagence_allees proximite.gif
101.02.27 00:52 B D:\Sites\slagence_bassée\img\vitrine.gif --> skiny.ftd.fr /slagence_allees vitrine.gif
101.02.27 00:52 B D:\Sites\slagence_bassée\img\ws_ftp.log --> skiny.ftd.fr /slagence_allees ws_ftp.log
101.02.27 01:00 B D:\Sites\slagence_bassée\img\transp.gif --> skiny.ftd.fr /slagence_carrion transp.gif
101.02.27 01:00 B D:\Sites\slagence_bassée\img\localisation.gif --> skiny.ftd.fr /slagence_carrion localisation.gif
101.02.27 01:00 B D:\Sites\slagence_bassée\img\localite.gif --> skiny.ftd.fr /slagence_carrion localite.gif
101.02.27 01:00 B D:\Sites\slagence_bassée\img\logoBI.gif --> skiny.ftd.fr /slagence_carrion logoBI.gif
101.02.27 01:00 B D:\Sites\slagence_bassée\img\date.gif --> skiny.ftd.fr /slagence_carrion date.gif
101.02.27 01:00 B D:\Sites\slagence_bassée\img\photo.gif --> skiny.ftd.fr /slagence_carrion photo.gif
101.02.27 01:00 B D:\Sites\slagence_bassée\img\prix.gif --> skiny.ftd.fr /slagence_carrion prix.gif
101.02.27 01:00 B D:\Sites\slagence_bassée\img\proximite.gif --> skiny.ftd.fr /slagence_carrion proximite.gif
101.02.27 01:01 B D:\Sites\slagence_bassée\img\vitrine.gif --> skiny.ftd.fr /slagence_carrion vitrine.gif
101.02.27 01:01 B D:\Sites\slagence_bassée\img\ws_ftp.log --> skiny.ftd.fr /slagence_carrion ws_ftp.log
101.04.13 16:53 B D:\Sites\slagence_bassée\img\transp.gif --> gamin.poliris.net /slagence_atlantis83 transp.gif
101.04.13 16:53 B D:\Sites\slagence_bassée\img\localisation.gif --> gamin.poliris.net /slagence_atlantis83 localisation.gif
101.04.13 16:53 B D:\Sites\slagence_bassée\img\localite.gif --> gamin.poliris.net /slagence_atlantis83 localite.gif
101.04.13 16:53 B D:\Sites\slagence_bassée\img\logoBI.gif --> gamin.poliris.net /slagence_atlantis83 logoBI.gif
101.04.13 16:53 B D:\Sites\slagence_bassée\img\date.gif --> gamin.poliris.net /slagence_atlantis83 date.gif
101.04.13 16:53 B D:\Sites\slagence_bassée\img\photo.gif --> gamin.poliris.net /slagence_atlantis83 photo.gif
101.04.13 16:53 B D:\Sites\slagence_bassée\img\prix.gif --> gamin.poliris.net /slagence_atlantis83 prix.gif
101.04.13 16:53 B D:\Sites\slagence_bassée\img\proximite.gif --> gamin.poliris.net /slagence_atlantis83 proximite.gif
101.04.13 16:53 B D:\Sites\slagence_bassée\img\vitrine.gif --> gamin.poliris.net /slagence_atlantis83 vitrine.gif
