101.02.27 00:50 B D:\Sites\slagence_allees\Images\logo_allee.gif --> skiny.ftd.fr /slagence_allees logo_allee.gif
101.02.27 00:50 B D:\Sites\slagence_allees\Images\vide.gif --> skiny.ftd.fr /slagence_allees vide.gif
101.02.27 00:50 B D:\Sites\slagence_allees\Images\coin1.gif --> skiny.ftd.fr /slagence_allees coin1.gif
101.02.27 00:50 B D:\Sites\slagence_allees\Images\logo_allee1.gif --> skiny.ftd.fr /slagence_allees logo_allee1.gif
101.02.27 00:51 B D:\Sites\slagence_allees\Images\coin2.gif --> skiny.ftd.fr /slagence_allees coin2.gif
101.02.27 00:51 B D:\Sites\slagence_allees\Images\coin3.gif --> skiny.ftd.fr /slagence_allees coin3.gif
101.02.27 00:51 B D:\Sites\slagence_allees\Images\coin4.gif --> skiny.ftd.fr /slagence_allees coin4.gif
101.02.27 00:51 B D:\Sites\slagence_allees\Images\haut.gif --> skiny.ftd.fr /slagence_allees haut.gif
101.02.27 00:51 B D:\Sites\slagence_allees\Images\pointe.gif --> skiny.ftd.fr /slagence_allees pointe.gif
101.02.27 00:51 B D:\Sites\slagence_allees\Images\bas.gif --> skiny.ftd.fr /slagence_allees bas.gif
101.02.27 00:51 B D:\Sites\slagence_allees\Images\Pointe_bas.gif --> skiny.ftd.fr /slagence_allees Pointe_bas.gif
101.02.27 00:51 B D:\Sites\slagence_allees\Images\Photo_agence.jpg --> skiny.ftd.fr /slagence_allees Photo_agence.jpg
101.02.27 20:30 B D:\Sites\slagence_allees\Images\Envoyer.gif --> skiny.ftd.fr /slagence_allees/Images Envoyer.gif
101.04.12 11:28 B D:\Sites\slagence_gaea\Images\vide.gif --> gamin.poliris.net /slagence_gaea vide.gif
101.04.12 11:28 B D:\Sites\slagence_gaea\Images\coin1.gif --> gamin.poliris.net /slagence_gaea coin1.gif
101.04.12 11:28 B D:\Sites\slagence_gaea\Images\Photo_agence.jpg --> gamin.poliris.net /slagence_gaea Photo_agence.jpg
101.04.12 11:28 B D:\Sites\slagence_gaea\Images\coin2.gif --> gamin.poliris.net /slagence_gaea coin2.gif
101.04.12 11:28 B D:\Sites\slagence_gaea\Images\coin3.gif --> gamin.poliris.net /slagence_gaea coin3.gif
101.04.12 11:28 B D:\Sites\slagence_gaea\Images\coin4.gif --> gamin.poliris.net /slagence_gaea coin4.gif
101.04.12 11:28 B D:\Sites\slagence_gaea\Images\haut.gif --> gamin.poliris.net /slagence_gaea haut.gif
101.04.12 11:28 B D:\Sites\slagence_gaea\Images\pointe.gif --> gamin.poliris.net /slagence_gaea pointe.gif
101.04.12 11:28 B D:\Sites\slagence_gaea\Images\bas.gif --> gamin.poliris.net /slagence_gaea bas.gif
101.04.12 11:28 B D:\Sites\slagence_gaea\Images\Pointe_bas.gif --> gamin.poliris.net /slagence_gaea Pointe_bas.gif
