2004.03.26 12:40 B D:\poliris\gama80\img\ampoulealerte.gif --> gamin.poliris.net /raid5/id3/sla/A_jlpx/gama80/img ampoulealerte.gif
2004.03.26 12:40 B D:\poliris\gama80\img\carto.gif --> gamin.poliris.net /raid5/id3/sla/A_jlpx/gama80/img carto.gif
2004.03.26 12:40 B D:\poliris\gama80\img\date.gif --> gamin.poliris.net /raid5/id3/sla/A_jlpx/gama80/img date.gif
2004.03.26 12:40 B D:\poliris\gama80\img\envoyer.gif --> gamin.poliris.net /raid5/id3/sla/A_jlpx/gama80/img envoyer.gif
2004.03.26 12:40 B D:\poliris\gama80\img\localite.gif --> gamin.poliris.net /raid5/id3/sla/A_jlpx/gama80/img localite.gif
2004.03.26 12:40 B D:\poliris\gama80\img\panier.gif --> gamin.poliris.net /raid5/id3/sla/A_jlpx/gama80/img panier.gif
2004.03.26 12:40 B D:\poliris\gama80\img\photo.gif --> gamin.poliris.net /raid5/id3/sla/A_jlpx/gama80/img photo.gif
2004.03.26 12:40 B D:\poliris\gama80\img\prix.gif --> gamin.poliris.net /raid5/id3/sla/A_jlpx/gama80/img prix.gif
2004.03.26 12:40 B D:\poliris\gama80\img\proximite.gif --> gamin.poliris.net /raid5/id3/sla/A_jlpx/gama80/img proximite.gif
2004.03.26 12:40 B D:\poliris\gama80\img\rechercher_fr.gif --> gamin.poliris.net /raid5/id3/sla/A_jlpx/gama80/img rechercher_fr.gif
2004.04.03 10:43 B D:\poliris\lecomte13\img\ampoulealerte.gif --> gamin.poliris.net /raid5/id3/sla/A_jlpx/lecomte13/img ampoulealerte.gif
2004.04.03 10:43 B D:\poliris\lecomte13\img\carto.gif --> gamin.poliris.net /raid5/id3/sla/A_jlpx/lecomte13/img carto.gif
2004.04.03 10:43 B D:\poliris\lecomte13\img\date.gif --> gamin.poliris.net /raid5/id3/sla/A_jlpx/lecomte13/img date.gif
2004.04.03 10:43 B D:\poliris\lecomte13\img\envoyer.gif --> gamin.poliris.net /raid5/id3/sla/A_jlpx/lecomte13/img envoyer.gif
2004.04.03 10:43 B D:\poliris\lecomte13\img\localite.gif --> gamin.poliris.net /raid5/id3/sla/A_jlpx/lecomte13/img localite.gif
2004.04.03 10:43 B D:\poliris\lecomte13\img\panier.gif --> gamin.poliris.net /raid5/id3/sla/A_jlpx/lecomte13/img panier.gif
2004.04.03 10:43 B D:\poliris\lecomte13\img\photo.gif --> gamin.poliris.net /raid5/id3/sla/A_jlpx/lecomte13/img photo.gif
2004.04.03 10:43 B D:\poliris\lecomte13\img\prix.gif --> gamin.poliris.net /raid5/id3/sla/A_jlpx/lecomte13/img prix.gif
2004.04.03 10:43 B D:\poliris\lecomte13\img\proximite.gif --> gamin.poliris.net /raid5/id3/sla/A_jlpx/lecomte13/img proximite.gif
2004.04.03 10:43 B D:\poliris\lecomte13\img\rechercher_fr.gif --> gamin.poliris.net /raid5/id3/sla/A_jlpx/lecomte13/img rechercher_fr.gif
2004.04.03 10:43 B D:\poliris\lecomte13\img\WS_FTP.LOG --> gamin.poliris.net /raid5/id3/sla/A_jlpx/lecomte13/img WS_FTP.LOG
2004.04.03 11:14 B D:\poliris\lecomte13\img\envoyer_fr.gif --> gamin.poliris.net /raid5/id3/sla/A_jlpx/lecomte13/img envoyer_fr.gif
2004.04.03 11:14 B D:\poliris\lecomte13\img\rechercher_fr.gif --> gamin.poliris.net /raid5/id3/sla/A_jlpx/lecomte13/img rechercher_fr.gif
2004.04.03 11:16 B D:\poliris\lecomte13\img\ampoulealerte.gif --> gamin.poliris.net /raid5/id3/sla/A_jlpx/lecomte13/img ampoulealerte.gif
2004.04.03 11:23 B D:\poliris\lecomte13\img\ampoulealerte.gif --> gamin.poliris.net /raid5/id3/sla/A_jlpx/lecomte13/img ampoulealerte.gif
2004.04.03 11:23 B D:\poliris\lecomte13\img\carto.gif --> gamin.poliris.net /raid5/id3/sla/A_jlpx/lecomte13/img carto.gif
2004.04.03 11:23 B D:\poliris\lecomte13\img\date.gif --> gamin.poliris.net /raid5/id3/sla/A_jlpx/lecomte13/img date.gif
2004.04.03 11:23 B D:\poliris\lecomte13\img\envoyer_fr.gif --> gamin.poliris.net /raid5/id3/sla/A_jlpx/lecomte13/img envoyer_fr.gif
2004.04.03 11:23 B D:\poliris\lecomte13\img\localite.gif --> gamin.poliris.net /raid5/id3/sla/A_jlpx/lecomte13/img localite.gif
2004.04.03 11:23 B D:\poliris\lecomte13\img\panier.gif --> gamin.poliris.net /raid5/id3/sla/A_jlpx/lecomte13/img panier.gif
2004.04.03 11:23 B D:\poliris\lecomte13\img\photo.gif --> gamin.poliris.net /raid5/id3/sla/A_jlpx/lecomte13/img photo.gif
2004.04.03 11:23 B D:\poliris\lecomte13\img\prix.gif --> gamin.poliris.net /raid5/id3/sla/A_jlpx/lecomte13/img prix.gif
2004.04.03 11:23 B D:\poliris\lecomte13\img\proximite.gif --> gamin.poliris.net /raid5/id3/sla/A_jlpx/lecomte13/img proximite.gif
2004.04.03 11:23 B D:\poliris\lecomte13\img\rechercher_fr.gif --> gamin.poliris.net /raid5/id3/sla/A_jlpx/lecomte13/img rechercher_fr.gif
2004.04.03 11:25 B D:\poliris\lecomte13\img\proximite.gif --> gamin.poliris.net /raid5/id3/sla/A_jlpx/lecomte13/img proximite.gif
2004.04.14 18:33 B D:\poliris\cotedopale\img\ampoulealerte.gif --> gamin.poliris.net /A_jlpx/cotedopale/img ampoulealerte.gif
2004.04.14 18:33 B D:\poliris\cotedopale\img\carto.gif --> gamin.poliris.net /A_jlpx/cotedopale/img carto.gif
2004.04.14 18:33 B D:\poliris\cotedopale\img\date.gif --> gamin.poliris.net /A_jlpx/cotedopale/img date.gif
2004.04.14 18:33 B D:\poliris\cotedopale\img\envoyer_fr.gif --> gamin.poliris.net /A_jlpx/cotedopale/img envoyer_fr.gif
2004.04.14 18:33 B D:\poliris\cotedopale\img\localite.gif --> gamin.poliris.net /A_jlpx/cotedopale/img localite.gif
2004.04.14 18:33 B D:\poliris\cotedopale\img\panier.gif --> gamin.poliris.net /A_jlpx/cotedopale/img panier.gif
2004.04.14 18:33 B D:\poliris\cotedopale\img\photo.gif --> gamin.poliris.net /A_jlpx/cotedopale/img photo.gif
2004.04.14 18:33 B D:\poliris\cotedopale\img\prix.gif --> gamin.poliris.net /A_jlpx/cotedopale/img prix.gif
2004.04.14 18:33 B D:\poliris\cotedopale\img\proximite.gif --> gamin.poliris.net /A_jlpx/cotedopale/img proximite.gif
2004.04.14 18:33 B D:\poliris\cotedopale\img\rechercher_fr.gif --> gamin.poliris.net /A_jlpx/cotedopale/img rechercher_fr.gif
2004.04.14 18:33 B D:\poliris\cotedopale\img\WS_FTP.LOG --> gamin.poliris.net /A_jlpx/cotedopale/img WS_FTP.LOG
2004.04.14 18:44 B D:\poliris\cotedopale\img\envoyer_en.gif --> gamin.poliris.net /A_jlpx/cotedopale/img envoyer_en.gif
2004.04.14 18:44 B D:\poliris\cotedopale\img\envoyer_fr.gif --> gamin.poliris.net /A_jlpx/cotedopale/img envoyer_fr.gif
2004.04.14 18:44 B D:\poliris\cotedopale\img\rechercher_en.gif --> gamin.poliris.net /A_jlpx/cotedopale/img rechercher_en.gif
2004.04.14 18:44 B D:\poliris\cotedopale\img\rechercher_fr.gif --> gamin.poliris.net /A_jlpx/cotedopale/img rechercher_fr.gif
2004.05.12 18:44 B D:\poliris\agmarceau\img\ampoulealerte.gif --> gamin.poliris.net /A_jlpx/agmarceau/img ampoulealerte.gif
2004.05.12 18:44 B D:\poliris\agmarceau\img\carto.gif --> gamin.poliris.net /A_jlpx/agmarceau/img carto.gif
2004.05.12 18:44 B D:\poliris\agmarceau\img\date.gif --> gamin.poliris.net /A_jlpx/agmarceau/img date.gif
2004.05.12 18:44 B D:\poliris\agmarceau\img\envoyer_en.gif --> gamin.poliris.net /A_jlpx/agmarceau/img envoyer_en.gif
2004.05.12 18:44 B D:\poliris\agmarceau\img\envoyer_fr.gif --> gamin.poliris.net /A_jlpx/agmarceau/img envoyer_fr.gif
2004.05.12 18:44 B D:\poliris\agmarceau\img\localite.gif --> gamin.poliris.net /A_jlpx/agmarceau/img localite.gif
2004.05.12 18:44 B D:\poliris\agmarceau\img\panier.gif --> gamin.poliris.net /A_jlpx/agmarceau/img panier.gif
2004.05.12 18:44 B D:\poliris\agmarceau\img\photo.gif --> gamin.poliris.net /A_jlpx/agmarceau/img photo.gif
2004.05.12 18:44 B D:\poliris\agmarceau\img\prix.gif --> gamin.poliris.net /A_jlpx/agmarceau/img prix.gif
2004.05.12 18:44 B D:\poliris\agmarceau\img\proximite.gif --> gamin.poliris.net /A_jlpx/agmarceau/img proximite.gif
2004.05.12 18:44 B D:\poliris\agmarceau\img\rechercher_en.gif --> gamin.poliris.net /A_jlpx/agmarceau/img rechercher_en.gif
2004.05.12 18:44 B D:\poliris\agmarceau\img\rechercher_fr.gif --> gamin.poliris.net /A_jlpx/agmarceau/img rechercher_fr.gif
