2003.11.21 17:46 B D:\poliris\emf26\CSS\Style1.css <-- gamin /sla/A_ID3X/emf26/CSS Style1.css
2003.11.21 17:46 B D:\poliris\emf26\CSS\Style2.css <-- gamin /sla/A_ID3X/emf26/CSS Style2.css
2003.11.25 14:43 B D:\poliris\futur\CSS\Style1.css --> gamin.poliris.net /sla/A_ID3X/futur/CSS Style1.css
2003.11.25 14:43 B D:\poliris\futur\CSS\Style1.css.bak --> gamin.poliris.net /sla/A_ID3X/futur/CSS Style1.css.bak
2003.11.25 14:43 B D:\poliris\futur\CSS\Style2.css --> gamin.poliris.net /sla/A_ID3X/futur/CSS Style2.css
2003.11.25 14:43 B D:\poliris\futur\CSS\WS_FTP.LOG --> gamin.poliris.net /sla/A_ID3X/futur/CSS WS_FTP.LOG
2003.11.26 10:31 B D:\poliris\futur\CSS\Style1.css --> gamin.poliris.net /sla/A_ID3X/futur/CSS Style1.css
2003.11.26 10:36 B D:\poliris\futur\CSS\Style1.css --> gamin.poliris.net /sla/A_ID3X/futur/CSS Style1.css
2003.11.26 11:02 B D:\poliris\futur\CSS\Style1.css --> gamin.poliris.net /sla/A_ID3X/futur/CSS Style1.css
2003.11.26 11:02 B D:\poliris\futur\CSS\Style1.css --> gamin.poliris.net /sla/A_ID3X/futur/CSS Style1.css
2003.11.26 11:03 B D:\poliris\futur\CSS\Style1.css --> gamin.poliris.net /sla/A_ID3X/futur/CSS Style1.css
2003.11.26 11:03 B D:\poliris\futur\CSS\Style1.css --> gamin.poliris.net /sla/A_ID3X/futur/CSS Style1.css
2003.11.26 14:23 B D:\poliris\futur\CSS\Style1.css --> gamin.poliris.net /sla/A_ID3X/futur/CSS Style1.css
2003.11.26 14:43 B D:\poliris\futur\CSS\Style1.css --> gamin.poliris.net /sla/A_ID3X/futur/CSS Style1.css
2003.12.02 18:59 B D:\poliris\genin\CSS\Style1.css --> gamin.poliris.net /sla/A_ID3X/genin/CSS Style1.css
2003.12.02 18:59 B D:\poliris\genin\CSS\Style1.css.bak --> gamin.poliris.net /sla/A_ID3X/genin/CSS Style1.css.bak
2003.12.02 18:59 B D:\poliris\genin\CSS\Style2.css --> gamin.poliris.net /sla/A_ID3X/genin/CSS Style2.css
2003.12.02 18:59 B D:\poliris\genin\CSS\WS_FTP.LOG --> gamin.poliris.net /sla/A_ID3X/genin/CSS WS_FTP.LOG
2003.12.02 19:49 B D:\poliris\genin\CSS\Style1.css --> gamin.poliris.net /sla/A_ID3X/genin/CSS Style1.css
2003.12.02 23:59 B D:\poliris\genin\CSS\Style1.css --> gamin.poliris.net /sla/A_ID3X/genin/CSS Style1.css
2003.12.03 00:08 B D:\poliris\genin\CSS\Style1.css --> gamin.poliris.net /sla/A_ID3X/genin/CSS Style1.css
2003.12.03 00:10 B D:\poliris\genin\CSS\Style1.css --> gamin.poliris.net /sla/A_ID3X/genin/CSS Style1.css
2003.12.03 00:19 B D:\poliris\genin\CSS\Style1.css --> gamin.poliris.net /sla/A_ID3X/genin/CSS Style1.css
2003.12.03 00:20 B D:\poliris\genin\CSS\Style1.css --> gamin.poliris.net /sla/A_ID3X/genin/CSS Style1.css
2003.12.03 00:25 B D:\poliris\genin\CSS\Style1.css --> gamin.poliris.net /sla/A_ID3X/genin/CSS Style1.css
2003.12.03 12:43 B D:\poliris\genin\CSS\Style1.css --> gamin.poliris.net /sla/A_ID3X/genin/CSS Style1.css
2004.02.04 16:56 B D:\poliris\genin\CSS\Style1.css --> gamin.poliris.net /A_jlpx/genin/CSS Style1.css
2004.02.04 16:59 B D:\poliris\genin\CSS\Style1.css --> gamin.poliris.net /A_jlpx/genin/CSS Style1.css
2004.02.04 17:00 B D:\poliris\genin\CSS\Style1.css --> gamin.poliris.net /A_jlpx/genin/CSS Style1.css
2004.02.04 17:00 B D:\poliris\genin\CSS\Style1.css --> gamin.poliris.net /A_jlpx/genin/CSS Style1.css
2004.02.06 17:29 B D:\poliris\genin\CSS\Style1.css --> gamin.poliris.net /A_jlpx/genin/CSS Style1.css
2004.02.06 17:31 B D:\poliris\genin\CSS\Style1.css --> gamin.poliris.net /A_jlpx/genin/CSS Style1.css
2004.02.06 17:32 B D:\poliris\genin\CSS\Style1.css --> gamin.poliris.net /A_jlpx/genin/CSS Style1.css
2004.02.06 20:10 B D:\poliris\genin\CSS\Style1.css --> gamin.poliris.net /A_jlpx/genin/CSS Style1.css
2004.02.24 13:19 B D:\poliris\label\CSS\Style1.css --> gamin.poliris.net /A_jlpx/label/CSS Style1.css
2004.02.24 13:19 B D:\poliris\label\CSS\Style1.css.bak --> gamin.poliris.net /A_jlpx/label/CSS Style1.css.bak
2004.02.24 13:19 B D:\poliris\label\CSS\WS_FTP.LOG --> gamin.poliris.net /A_jlpx/label/CSS WS_FTP.LOG
2004.02.24 13:57 B D:\poliris\label\CSS\Style1.css --> gamin.poliris.net /A_jlpx/label/CSS Style1.css
2004.02.24 14:00 B D:\poliris\label\CSS\Style1.css --> gamin.poliris.net /A_jlpx/label/CSS Style1.css
2004.02.24 14:05 B D:\poliris\label\CSS\Style1.css --> gamin.poliris.net /A_jlpx/label/CSS Style1.css
2004.02.24 14:44 B D:\poliris\label\CSS\Style1.css --> gamin.poliris.net /A_jlpx/label/CSS Style1.css
2004.02.24 14:52 B D:\poliris\label\CSS\Style1.css --> gamin.poliris.net /A_jlpx/label/CSS Style1.css
2004.02.24 15:08 B D:\poliris\label\CSS\Style1.css --> gamin.poliris.net /A_jlpx/label/CSS Style1.css
2004.02.24 15:10 B D:\poliris\label\CSS\Style1.css --> gamin.poliris.net /A_jlpx/label/CSS Style1.css
2004.02.24 15:11 B D:\poliris\label\CSS\Style1.css --> gamin.poliris.net /A_jlpx/label/CSS Style1.css
2004.02.24 15:11 B D:\poliris\label\CSS\Style1.css --> gamin.poliris.net /A_jlpx/label/CSS Style1.css
2004.02.24 17:13 B D:\poliris\label\CSS\Style1.css --> gamin.poliris.net /A_jlpx/label/CSS Style1.css
2004.02.25 16:13 B D:\poliris\nive\CSS\Style1.css --> gamin.poliris.net /A_jlpx/nive/CSS Style1.css
2004.02.25 16:13 B D:\poliris\nive\CSS\Style1.css.bak --> gamin.poliris.net /A_jlpx/nive/CSS Style1.css.bak
